<?xml version="1.0" encoding="UTF-8"?>
<!-- Generated by org.testng.reporters.JUnitXMLReporter -->
<testsuite ignored="0" hostname="DESKTOP-0DU3MKO" failures="0" tests="10" name="Surefire test" time="53.763" errors="0" timestamp="2023-09-03T15:16:15 PKT">
  <testcase classname="api.test.DDTest" name="testPostUser" time="11.6"/>
  <testcase classname="api.test.DDTest" name="testPostUser" time="2.084"/>
  <testcase classname="api.test.DDTest" name="testPostUser" time="2.051"/>
  <testcase classname="api.test.DDTest" name="testDeleteUserByName" time="1.943"/>
  <testcase classname="api.test.DDTest" name="testDeleteUserByName" time="3.48"/>
  <testcase classname="api.test.DDTest" name="testDeleteUserByName" time="1.951"/>
  <testcase classname="api.test.UserTests" name="testPostUser" time="2.502"/>
  <testcase classname="api.test.UserTests" name="testGetUserByName" time="6.018"/>
  <testcase classname="api.test.UserTests" name="testUpdateUserByName" time="4.373"/>
  <testcase classname="api.test.UserTests" name="testDeleteUserByName" time="1.758"/>
</testsuite> <!-- Surefire test -->
