<?xml version="1.0" encoding="UTF-8"?>
<!-- Generated by org.testng.reporters.JUnitXMLReporter -->
<testsuite ignored="0" hostname="DESKTOP-0DU3MKO" failures="0" tests="6" name="Default test" time="31.999" errors="0" timestamp="2023-09-01T23:49:29 PKT">
  <testcase classname="api.test.DDTest" name="testPostUser" time="7.392"/>
  <testcase classname="api.test.DDTest" name="testPostUser" time="2.572"/>
  <testcase classname="api.test.DDTest" name="testPostUser" time="7.678"/>
  <testcase classname="api.test.DDTest" name="testDeleteUserByName" time="2.019"/>
  <testcase classname="api.test.DDTest" name="testDeleteUserByName" time="2.357"/>
  <testcase classname="api.test.DDTest" name="testDeleteUserByName" time="2.564"/>
</testsuite> <!-- Default test -->
