<?xml version="1.0" encoding="UTF-8"?>
<testsuite xmlns:xsi="http://www.w3.org/2001/XMLSchema-instance" xsi:noNamespaceSchemaLocation="https://maven.apache.org/surefire/maven-surefire-plugin/xsd/surefire-test-report-3.0.xsd" version="3.0" name="TestSuite" time="55.88" tests="10" errors="0" skipped="0" failures="0">
  <properties>
[...]
</properties>
  <testcase name="testPostUser[1010, testuser1, john, Canedy, a@gmail.com, test@1, 123456789](1)" classname="api.test.DDTest" time="11.6">
    <system-err><![CDATA[SLF4J: Failed to load class "org.slf4j.impl.StaticLoggerBinder".
SLF4J: Defaulting to no-operation (NOP) logger implementation
SLF4J: See http://www.slf4j.org/codes.html#StaticLoggerBinder for further details.
ERROR StatusLogger Log4j2 could not find a logging implementation. Please add log4j-core to the classpath. Using SimpleLogger to log to the console...
]]></system-err>
  </testcase>
  <testcase name="testPostUser[1020, testuser2, kim, Kom, b@gmail.com, test@2, 123456789](2)" classname="api.test.DDTest" time="2.085"/>
  <testcase name="testPostUser[100, testuser3, smith, Steve, c@gmail.com, test@3, 123456789](3)" classname="api.test.DDTest" time="2.052"/>
  <testcase name="testDeleteUserByName[testuser1](1)" classname="api.test.DDTest" time="1.942"/>
  <testcase name="testDeleteUserByName[testuser2](2)" classname="api.test.DDTest" time="3.479"/>
  <testcase name="testDeleteUserByName[testuser3](3)" classname="api.test.DDTest" time="1.951"/>
  <testcase name="testPostUser" classname="api.test.UserTests" time="2.515">
    <system-out><![CDATA[HTTP/1.1 200 OK
Date: Sun, 03 Sep 2023 10:16:03 GMT
Content-Type: application/json
Transfer-Encoding: chunked
Connection: keep-alive
Access-Control-Allow-Origin: *
Access-Control-Allow-Methods: GET, POST, DELETE, PUT
Access-Control-Allow-Headers: Content-Type, api_key, Authorization
Server: Jetty(9.2.9.v20150224)

{
    "code": 200,
    "type": "unknown",
    "message": "768702707"
}
]]></system-out>
  </testcase>
  <testcase name="testGetUserByName" classname="api.test.UserTests" time="6.023">
    <system-out><![CDATA[HTTP/1.1 200 OK
Date: Sun, 03 Sep 2023 10:16:09 GMT
Content-Type: application/json
Transfer-Encoding: chunked
Connection: keep-alive
Access-Control-Allow-Origin: *
Access-Control-Allow-Methods: GET, POST, DELETE, PUT
Access-Control-Allow-Headers: Content-Type, api_key, Authorization
Server: Jetty(9.2.9.v20150224)

{
    "id": 768702707,
    "username": "carol.lockman",
    "firstName": "Roseann",
    "lastName": "Smitham",
    "email": "lorri.oconner@example.com",
    "password": "ch99gf4nc",
    "phone": "418-482-5897",
    "userStatus": 0
}
]]></system-out>
  </testcase>
  <testcase name="testUpdateUserByName" classname="api.test.UserTests" time="4.358">
    <system-out><![CDATA[HTTP/1.1 200 OK
Date: Sun, 03 Sep 2023 10:16:11 GMT
Content-Type: application/json
Transfer-Encoding: chunked
Connection: keep-alive
Access-Control-Allow-Origin: *
Access-Control-Allow-Methods: GET, POST, DELETE, PUT
Access-Control-Allow-Headers: Content-Type, api_key, Authorization
Server: Jetty(9.2.9.v20150224)

{
    "code": 200,
    "type": "unknown",
    "message": "768702707"
}
]]></system-out>
  </testcase>
  <testcase name="testDeleteUserByName" classname="api.test.UserTests" time="1.757"/>
</testsuite>