<?xml version="1.0" encoding="UTF-8"?>
<!-- Generated by org.testng.reporters.JUnitXMLReporter -->
<testsuite ignored="0" hostname="DESKTOP-0DU3MKO" failures="0" tests="10" name="PetTest" time="31.94" errors="0" timestamp="2023-09-02T01:40:21 PKT">
  <testcase classname="api.test.UserTests" name="testPostUser" time="6.71"/>
  <testcase classname="api.test.UserTests" name="testGetUserByName" time="1.817"/>
  <testcase classname="api.test.UserTests" name="testUpdateUserByName" time="3.921"/>
  <testcase classname="api.test.UserTests" name="testDeleteUserByName" time="1.504"/>
  <testcase classname="api.test.DDTest" name="testPostUser" time="1.566"/>
  <testcase classname="api.test.DDTest" name="testPostUser" time="1.953"/>
  <testcase classname="api.test.DDTest" name="testPostUser" time="1.964"/>
  <testcase classname="api.test.DDTest" name="testDeleteUserByName" time="1.534"/>
  <testcase classname="api.test.DDTest" name="testDeleteUserByName" time="1.48"/>
  <testcase classname="api.test.DDTest" name="testDeleteUserByName" time="1.73"/>
</testsuite> <!-- PetTest -->
